
Information: There are 8 potential problems in your design. Please run 'check_design' for more information. (LINT-99)



  Beginning Pass 1 Mapping
  ------------------------
  Processing 'myfir'

  Updating timing information
Information: Updating design information... (UID-85)

  Beginning Mapping Optimizations  (Medium effort)
  -------------------------------

                                  TOTAL                                      
   ELAPSED            WORST NEG   SETUP    DESIGN                            
    TIME      AREA      SLACK     COST    RULE COST         ENDPOINT         
  --------- --------- --------- --------- --------- -------------------------
    0:00:37    8933.3      0.00       0.0     469.7                          
    0:00:37    8933.3      0.00       0.0     469.7                          
    0:00:37    8933.3      0.00       0.0     469.7                          
    0:00:37    8933.3      0.00       0.0     469.7                          
    0:00:37    8933.3      0.00       0.0     469.7                          
    0:01:06    6182.1      0.00       0.0      92.0                          
    0:01:07    6182.1      0.00       0.0      92.0                          
    0:01:07    6182.1      0.00       0.0      92.0                          
    0:01:08    6182.1      0.00       0.0      92.0                          
    0:01:08    6182.1      0.00       0.0      92.0                          
    0:01:10    6196.5      0.00       0.0       0.0                          
    0:01:10    6196.5      0.00       0.0       0.0                          
    0:01:10    6196.5      0.00       0.0       0.0                          
    0:01:10    6196.5      0.00       0.0       0.0                          



  Beginning Delay Optimization Phase
  ----------------------------------

                                  TOTAL                                      
   ELAPSED            WORST NEG   SETUP    DESIGN                            
    TIME      AREA      SLACK     COST    RULE COST         ENDPOINT         
  --------- --------- --------- --------- --------- -------------------------
    0:01:10    6196.5      0.00       0.0       0.0                          
    0:01:10    6196.5      0.00       0.0       0.0                          
    0:01:10    6196.5      0.00       0.0       0.0                          


  Beginning Area-Recovery Phase  (cleanup)
  -----------------------------

                                  TOTAL                                      
   ELAPSED            WORST NEG   SETUP    DESIGN                            
    TIME      AREA      SLACK     COST    RULE COST         ENDPOINT         
  --------- --------- --------- --------- --------- -------------------------
    0:01:10    6196.5      0.00       0.0       0.0                          
    0:01:11    6196.5      0.00       0.0       0.0                          
    0:01:15    6184.2      0.00       0.0       0.0                          
    0:01:16    6183.2      0.00       0.0       0.0                          
    0:01:16    6182.1      0.00       0.0       0.0                          
    0:01:16    6181.0      0.00       0.0       0.0                          
    0:01:16    6180.5      0.00       0.0       0.0                          
    0:01:16    6180.5      0.00       0.0       0.0                          
    0:01:17    6180.5      0.00       0.0       0.0                          
    0:01:17    6180.5      0.00       0.0       0.0                          
    0:01:17    6180.5      0.00       0.0       0.0                          
    0:01:17    6180.5      0.00       0.0       0.0                          
    0:01:17    6180.5      0.00       0.0       0.0                          
    0:01:17    6180.5      0.00       0.0       0.0                          
    0:01:18    6180.5      0.00       0.0       0.0                          
Loading db file '/software/dk/nangate45/synopsys/NangateOpenCellLibrary_typical_ecsm_nowlm.db'


Note: Symbol # after min delay cost means estimated hold TNS across all active scenarios 


  Optimization Complete
  ---------------------
1
