Analysis & Elaboration report for DADDA
Tue Dec  8 01:19:56 2020
Quartus Prime Version 20.1.0 Build 711 06/05/2020 SJ Lite Edition


---------------------
; Table of Contents ;
---------------------
  1. Legal Notice
  2. Analysis & Elaboration Summary
  3. Parallel Compilation
  4. Parameter Settings for User Entity Instance: Top-level Entity: |DADDA
  5. Parameter Settings for User Entity Instance: HAbank:HA_01
  6. Parameter Settings for User Entity Instance: CSA:CSA_01
  7. Parameter Settings for User Entity Instance: HAbank:HA_03
  8. Parameter Settings for User Entity Instance: CSA:CSA_02
  9. Parameter Settings for User Entity Instance: HAbank:HA_05
 10. Parameter Settings for User Entity Instance: CSA:CSA_03
 11. Parameter Settings for User Entity Instance: HAbank:HA_07
 12. Parameter Settings for User Entity Instance: CSA:CSA_04
 13. Parameter Settings for User Entity Instance: HAbank:HA_11
 14. Parameter Settings for User Entity Instance: CSA:CSA_11
 15. Parameter Settings for User Entity Instance: HAbank:HA_13
 16. Parameter Settings for User Entity Instance: CSA:CSA_12
 17. Parameter Settings for User Entity Instance: HAbank:HA_15
 18. Parameter Settings for User Entity Instance: CSA:CSA_13
 19. Parameter Settings for User Entity Instance: HAbank:HA_17
 20. Parameter Settings for User Entity Instance: CSA:CSA_14
 21. Parameter Settings for User Entity Instance: HAbank:HA_21
 22. Parameter Settings for User Entity Instance: CSA:CSA_21
 23. Parameter Settings for User Entity Instance: HAbank:HA_23
 24. Parameter Settings for User Entity Instance: CSA:CSA_22
 25. Parameter Settings for User Entity Instance: HAbank:HA_25
 26. Parameter Settings for User Entity Instance: CSA:CSA_23
 27. Parameter Settings for User Entity Instance: HAbank:HA_31
 28. Parameter Settings for User Entity Instance: CSA:CSA_31
 29. Parameter Settings for User Entity Instance: HAbank:HA_33
 30. Parameter Settings for User Entity Instance: CSA:CSA_32
 31. Parameter Settings for User Entity Instance: HAbank:HA_41
 32. Parameter Settings for User Entity Instance: CSA:CSA_41
 33. Parameter Settings for User Entity Instance: HAbank:HA_51
 34. Parameter Settings for User Entity Instance: CSA:CSA_51
 35. Analysis & Elaboration Settings
 36. Port Connectivity Checks: "HA:HA_42"
 37. Port Connectivity Checks: "CSA:CSA_32"
 38. Port Connectivity Checks: "HA:HA_32"
 39. Port Connectivity Checks: "CSA:CSA_31"
 40. Port Connectivity Checks: "CSA:CSA_23"
 41. Port Connectivity Checks: "HA:HA_22"
 42. Port Connectivity Checks: "CSA:CSA_21"
 43. Port Connectivity Checks: "HA:HA_12"
 44. Port Connectivity Checks: "CSA:CSA_11"
 45. Port Connectivity Checks: "HA:HA_02"
 46. Port Connectivity Checks: "CSA:CSA_01"
 47. Analysis & Elaboration Messages



----------------
; Legal Notice ;
----------------
Copyright (C) 2020  Intel Corporation. All rights reserved.
Your use of Intel Corporation's design tools, logic functions 
and other software and tools, and any partner logic 
functions, and any output files from any of the foregoing 
(including device programming or simulation files), and any 
associated documentation or information are expressly subject 
to the terms and conditions of the Intel Program License 
Subscription Agreement, the Intel Quartus Prime License Agreement,
the Intel FPGA IP License Agreement, or other applicable license
agreement, including, without limitation, that your use is for
the sole purpose of programming logic devices manufactured by
Intel and sold by Intel or its authorized distributors.  Please
refer to the applicable agreement for further details, at
https://fpgasoftware.intel.com/eula.



+----------------------------------------------------------------------------------+
; Analysis & Elaboration Summary                                                   ;
+------------------------------------+---------------------------------------------+
; Analysis & Elaboration Status      ; Successful - Tue Dec  8 01:19:56 2020       ;
; Quartus Prime Version              ; 20.1.0 Build 711 06/05/2020 SJ Lite Edition ;
; Revision Name                      ; DADDA                                       ;
; Top-level Entity Name              ; DADDA                                       ;
; Family                             ; Cyclone IV E                                ;
; Total logic elements               ; N/A until Partition Merge                   ;
;     Total combinational functions  ; N/A until Partition Merge                   ;
;     Dedicated logic registers      ; N/A until Partition Merge                   ;
; Total registers                    ; N/A until Partition Merge                   ;
; Total pins                         ; N/A until Partition Merge                   ;
; Total virtual pins                 ; N/A until Partition Merge                   ;
; Total memory bits                  ; N/A until Partition Merge                   ;
; Embedded Multiplier 9-bit elements ; N/A until Partition Merge                   ;
; Total PLLs                         ; N/A until Partition Merge                   ;
+------------------------------------+---------------------------------------------+


+------------------------------------------+
; Parallel Compilation                     ;
+----------------------------+-------------+
; Processors                 ; Number      ;
+----------------------------+-------------+
; Number detected on machine ; 4           ;
; Maximum allowed            ; 2           ;
;                            ;             ;
; Average used               ; 1.00        ;
; Maximum used               ; 1           ;
;                            ;             ;
; Usage by Processor         ; % Time Used ;
;     Processor 1            ; 100.0%      ;
+----------------------------+-------------+


+-----------------------------------------------------------------------+
; Parameter Settings for User Entity Instance: Top-level Entity: |DADDA ;
+----------------+-------+----------------------------------------------+
; Parameter Name ; Value ; Type                                         ;
+----------------+-------+----------------------------------------------+
; N              ; 33    ; Signed Integer                               ;
; N_PP           ; 17    ; Signed Integer                               ;
+----------------+-------+----------------------------------------------+
Note: In order to hide this table in the UI and the text report file, please set the "Show Parameter Settings in Synthesis Report" option in "Analysis and Synthesis Settings -> More Settings" to "Off".


+-----------------------------------------------------------+
; Parameter Settings for User Entity Instance: HAbank:HA_01 ;
+----------------+-------+----------------------------------+
; Parameter Name ; Value ; Type                             ;
+----------------+-------+----------------------------------+
; n              ; 2     ; Signed Integer                   ;
+----------------+-------+----------------------------------+
Note: In order to hide this table in the UI and the text report file, please set the "Show Parameter Settings in Synthesis Report" option in "Analysis and Synthesis Settings -> More Settings" to "Off".


+---------------------------------------------------------+
; Parameter Settings for User Entity Instance: CSA:CSA_01 ;
+----------------+-------+--------------------------------+
; Parameter Name ; Value ; Type                           ;
+----------------+-------+--------------------------------+
; n              ; 16    ; Signed Integer                 ;
+----------------+-------+--------------------------------+
Note: In order to hide this table in the UI and the text report file, please set the "Show Parameter Settings in Synthesis Report" option in "Analysis and Synthesis Settings -> More Settings" to "Off".


+-----------------------------------------------------------+
; Parameter Settings for User Entity Instance: HAbank:HA_03 ;
+----------------+-------+----------------------------------+
; Parameter Name ; Value ; Type                             ;
+----------------+-------+----------------------------------+
; n              ; 2     ; Signed Integer                   ;
+----------------+-------+----------------------------------+
Note: In order to hide this table in the UI and the text report file, please set the "Show Parameter Settings in Synthesis Report" option in "Analysis and Synthesis Settings -> More Settings" to "Off".


+---------------------------------------------------------+
; Parameter Settings for User Entity Instance: CSA:CSA_02 ;
+----------------+-------+--------------------------------+
; Parameter Name ; Value ; Type                           ;
+----------------+-------+--------------------------------+
; n              ; 12    ; Signed Integer                 ;
+----------------+-------+--------------------------------+
Note: In order to hide this table in the UI and the text report file, please set the "Show Parameter Settings in Synthesis Report" option in "Analysis and Synthesis Settings -> More Settings" to "Off".


+-----------------------------------------------------------+
; Parameter Settings for User Entity Instance: HAbank:HA_05 ;
+----------------+-------+----------------------------------+
; Parameter Name ; Value ; Type                             ;
+----------------+-------+----------------------------------+
; n              ; 2     ; Signed Integer                   ;
+----------------+-------+----------------------------------+
Note: In order to hide this table in the UI and the text report file, please set the "Show Parameter Settings in Synthesis Report" option in "Analysis and Synthesis Settings -> More Settings" to "Off".


+---------------------------------------------------------+
; Parameter Settings for User Entity Instance: CSA:CSA_03 ;
+----------------+-------+--------------------------------+
; Parameter Name ; Value ; Type                           ;
+----------------+-------+--------------------------------+
; n              ; 8     ; Signed Integer                 ;
+----------------+-------+--------------------------------+
Note: In order to hide this table in the UI and the text report file, please set the "Show Parameter Settings in Synthesis Report" option in "Analysis and Synthesis Settings -> More Settings" to "Off".


+-----------------------------------------------------------+
; Parameter Settings for User Entity Instance: HAbank:HA_07 ;
+----------------+-------+----------------------------------+
; Parameter Name ; Value ; Type                             ;
+----------------+-------+----------------------------------+
; n              ; 2     ; Signed Integer                   ;
+----------------+-------+----------------------------------+
Note: In order to hide this table in the UI and the text report file, please set the "Show Parameter Settings in Synthesis Report" option in "Analysis and Synthesis Settings -> More Settings" to "Off".


+---------------------------------------------------------+
; Parameter Settings for User Entity Instance: CSA:CSA_04 ;
+----------------+-------+--------------------------------+
; Parameter Name ; Value ; Type                           ;
+----------------+-------+--------------------------------+
; n              ; 4     ; Signed Integer                 ;
+----------------+-------+--------------------------------+
Note: In order to hide this table in the UI and the text report file, please set the "Show Parameter Settings in Synthesis Report" option in "Analysis and Synthesis Settings -> More Settings" to "Off".


+-----------------------------------------------------------+
; Parameter Settings for User Entity Instance: HAbank:HA_11 ;
+----------------+-------+----------------------------------+
; Parameter Name ; Value ; Type                             ;
+----------------+-------+----------------------------------+
; n              ; 2     ; Signed Integer                   ;
+----------------+-------+----------------------------------+
Note: In order to hide this table in the UI and the text report file, please set the "Show Parameter Settings in Synthesis Report" option in "Analysis and Synthesis Settings -> More Settings" to "Off".


+---------------------------------------------------------+
; Parameter Settings for User Entity Instance: CSA:CSA_11 ;
+----------------+-------+--------------------------------+
; Parameter Name ; Value ; Type                           ;
+----------------+-------+--------------------------------+
; n              ; 32    ; Signed Integer                 ;
+----------------+-------+--------------------------------+
Note: In order to hide this table in the UI and the text report file, please set the "Show Parameter Settings in Synthesis Report" option in "Analysis and Synthesis Settings -> More Settings" to "Off".


+-----------------------------------------------------------+
; Parameter Settings for User Entity Instance: HAbank:HA_13 ;
+----------------+-------+----------------------------------+
; Parameter Name ; Value ; Type                             ;
+----------------+-------+----------------------------------+
; n              ; 2     ; Signed Integer                   ;
+----------------+-------+----------------------------------+
Note: In order to hide this table in the UI and the text report file, please set the "Show Parameter Settings in Synthesis Report" option in "Analysis and Synthesis Settings -> More Settings" to "Off".


+---------------------------------------------------------+
; Parameter Settings for User Entity Instance: CSA:CSA_12 ;
+----------------+-------+--------------------------------+
; Parameter Name ; Value ; Type                           ;
+----------------+-------+--------------------------------+
; n              ; 28    ; Signed Integer                 ;
+----------------+-------+--------------------------------+
Note: In order to hide this table in the UI and the text report file, please set the "Show Parameter Settings in Synthesis Report" option in "Analysis and Synthesis Settings -> More Settings" to "Off".


+-----------------------------------------------------------+
; Parameter Settings for User Entity Instance: HAbank:HA_15 ;
+----------------+-------+----------------------------------+
; Parameter Name ; Value ; Type                             ;
+----------------+-------+----------------------------------+
; n              ; 2     ; Signed Integer                   ;
+----------------+-------+----------------------------------+
Note: In order to hide this table in the UI and the text report file, please set the "Show Parameter Settings in Synthesis Report" option in "Analysis and Synthesis Settings -> More Settings" to "Off".


+---------------------------------------------------------+
; Parameter Settings for User Entity Instance: CSA:CSA_13 ;
+----------------+-------+--------------------------------+
; Parameter Name ; Value ; Type                           ;
+----------------+-------+--------------------------------+
; n              ; 24    ; Signed Integer                 ;
+----------------+-------+--------------------------------+
Note: In order to hide this table in the UI and the text report file, please set the "Show Parameter Settings in Synthesis Report" option in "Analysis and Synthesis Settings -> More Settings" to "Off".


+-----------------------------------------------------------+
; Parameter Settings for User Entity Instance: HAbank:HA_17 ;
+----------------+-------+----------------------------------+
; Parameter Name ; Value ; Type                             ;
+----------------+-------+----------------------------------+
; n              ; 2     ; Signed Integer                   ;
+----------------+-------+----------------------------------+
Note: In order to hide this table in the UI and the text report file, please set the "Show Parameter Settings in Synthesis Report" option in "Analysis and Synthesis Settings -> More Settings" to "Off".


+---------------------------------------------------------+
; Parameter Settings for User Entity Instance: CSA:CSA_14 ;
+----------------+-------+--------------------------------+
; Parameter Name ; Value ; Type                           ;
+----------------+-------+--------------------------------+
; n              ; 20    ; Signed Integer                 ;
+----------------+-------+--------------------------------+
Note: In order to hide this table in the UI and the text report file, please set the "Show Parameter Settings in Synthesis Report" option in "Analysis and Synthesis Settings -> More Settings" to "Off".


+-----------------------------------------------------------+
; Parameter Settings for User Entity Instance: HAbank:HA_21 ;
+----------------+-------+----------------------------------+
; Parameter Name ; Value ; Type                             ;
+----------------+-------+----------------------------------+
; n              ; 2     ; Signed Integer                   ;
+----------------+-------+----------------------------------+
Note: In order to hide this table in the UI and the text report file, please set the "Show Parameter Settings in Synthesis Report" option in "Analysis and Synthesis Settings -> More Settings" to "Off".


+---------------------------------------------------------+
; Parameter Settings for User Entity Instance: CSA:CSA_21 ;
+----------------+-------+--------------------------------+
; Parameter Name ; Value ; Type                           ;
+----------------+-------+--------------------------------+
; n              ; 44    ; Signed Integer                 ;
+----------------+-------+--------------------------------+
Note: In order to hide this table in the UI and the text report file, please set the "Show Parameter Settings in Synthesis Report" option in "Analysis and Synthesis Settings -> More Settings" to "Off".


+-----------------------------------------------------------+
; Parameter Settings for User Entity Instance: HAbank:HA_23 ;
+----------------+-------+----------------------------------+
; Parameter Name ; Value ; Type                             ;
+----------------+-------+----------------------------------+
; n              ; 2     ; Signed Integer                   ;
+----------------+-------+----------------------------------+
Note: In order to hide this table in the UI and the text report file, please set the "Show Parameter Settings in Synthesis Report" option in "Analysis and Synthesis Settings -> More Settings" to "Off".


+---------------------------------------------------------+
; Parameter Settings for User Entity Instance: CSA:CSA_22 ;
+----------------+-------+--------------------------------+
; Parameter Name ; Value ; Type                           ;
+----------------+-------+--------------------------------+
; n              ; 40    ; Signed Integer                 ;
+----------------+-------+--------------------------------+
Note: In order to hide this table in the UI and the text report file, please set the "Show Parameter Settings in Synthesis Report" option in "Analysis and Synthesis Settings -> More Settings" to "Off".


+-----------------------------------------------------------+
; Parameter Settings for User Entity Instance: HAbank:HA_25 ;
+----------------+-------+----------------------------------+
; Parameter Name ; Value ; Type                             ;
+----------------+-------+----------------------------------+
; n              ; 2     ; Signed Integer                   ;
+----------------+-------+----------------------------------+
Note: In order to hide this table in the UI and the text report file, please set the "Show Parameter Settings in Synthesis Report" option in "Analysis and Synthesis Settings -> More Settings" to "Off".


+---------------------------------------------------------+
; Parameter Settings for User Entity Instance: CSA:CSA_23 ;
+----------------+-------+--------------------------------+
; Parameter Name ; Value ; Type                           ;
+----------------+-------+--------------------------------+
; n              ; 36    ; Signed Integer                 ;
+----------------+-------+--------------------------------+
Note: In order to hide this table in the UI and the text report file, please set the "Show Parameter Settings in Synthesis Report" option in "Analysis and Synthesis Settings -> More Settings" to "Off".


+-----------------------------------------------------------+
; Parameter Settings for User Entity Instance: HAbank:HA_31 ;
+----------------+-------+----------------------------------+
; Parameter Name ; Value ; Type                             ;
+----------------+-------+----------------------------------+
; n              ; 2     ; Signed Integer                   ;
+----------------+-------+----------------------------------+
Note: In order to hide this table in the UI and the text report file, please set the "Show Parameter Settings in Synthesis Report" option in "Analysis and Synthesis Settings -> More Settings" to "Off".


+---------------------------------------------------------+
; Parameter Settings for User Entity Instance: CSA:CSA_31 ;
+----------------+-------+--------------------------------+
; Parameter Name ; Value ; Type                           ;
+----------------+-------+--------------------------------+
; n              ; 52    ; Signed Integer                 ;
+----------------+-------+--------------------------------+
Note: In order to hide this table in the UI and the text report file, please set the "Show Parameter Settings in Synthesis Report" option in "Analysis and Synthesis Settings -> More Settings" to "Off".


+-----------------------------------------------------------+
; Parameter Settings for User Entity Instance: HAbank:HA_33 ;
+----------------+-------+----------------------------------+
; Parameter Name ; Value ; Type                             ;
+----------------+-------+----------------------------------+
; n              ; 2     ; Signed Integer                   ;
+----------------+-------+----------------------------------+
Note: In order to hide this table in the UI and the text report file, please set the "Show Parameter Settings in Synthesis Report" option in "Analysis and Synthesis Settings -> More Settings" to "Off".


+---------------------------------------------------------+
; Parameter Settings for User Entity Instance: CSA:CSA_32 ;
+----------------+-------+--------------------------------+
; Parameter Name ; Value ; Type                           ;
+----------------+-------+--------------------------------+
; n              ; 48    ; Signed Integer                 ;
+----------------+-------+--------------------------------+
Note: In order to hide this table in the UI and the text report file, please set the "Show Parameter Settings in Synthesis Report" option in "Analysis and Synthesis Settings -> More Settings" to "Off".


+-----------------------------------------------------------+
; Parameter Settings for User Entity Instance: HAbank:HA_41 ;
+----------------+-------+----------------------------------+
; Parameter Name ; Value ; Type                             ;
+----------------+-------+----------------------------------+
; n              ; 2     ; Signed Integer                   ;
+----------------+-------+----------------------------------+
Note: In order to hide this table in the UI and the text report file, please set the "Show Parameter Settings in Synthesis Report" option in "Analysis and Synthesis Settings -> More Settings" to "Off".


+---------------------------------------------------------+
; Parameter Settings for User Entity Instance: CSA:CSA_41 ;
+----------------+-------+--------------------------------+
; Parameter Name ; Value ; Type                           ;
+----------------+-------+--------------------------------+
; n              ; 56    ; Signed Integer                 ;
+----------------+-------+--------------------------------+
Note: In order to hide this table in the UI and the text report file, please set the "Show Parameter Settings in Synthesis Report" option in "Analysis and Synthesis Settings -> More Settings" to "Off".


+-----------------------------------------------------------+
; Parameter Settings for User Entity Instance: HAbank:HA_51 ;
+----------------+-------+----------------------------------+
; Parameter Name ; Value ; Type                             ;
+----------------+-------+----------------------------------+
; n              ; 2     ; Signed Integer                   ;
+----------------+-------+----------------------------------+
Note: In order to hide this table in the UI and the text report file, please set the "Show Parameter Settings in Synthesis Report" option in "Analysis and Synthesis Settings -> More Settings" to "Off".


+---------------------------------------------------------+
; Parameter Settings for User Entity Instance: CSA:CSA_51 ;
+----------------+-------+--------------------------------+
; Parameter Name ; Value ; Type                           ;
+----------------+-------+--------------------------------+
; n              ; 60    ; Signed Integer                 ;
+----------------+-------+--------------------------------+
Note: In order to hide this table in the UI and the text report file, please set the "Show Parameter Settings in Synthesis Report" option in "Analysis and Synthesis Settings -> More Settings" to "Off".


+------------------------------------------------------------------------------------------------------------+
; Analysis & Elaboration Settings                                                                            ;
+------------------------------------------------------------------+--------------------+--------------------+
; Option                                                           ; Setting            ; Default Value      ;
+------------------------------------------------------------------+--------------------+--------------------+
; Top-level entity name                                            ; DADDA              ; DADDA              ;
; Family name                                                      ; Cyclone IV E       ; Cyclone V          ;
; Use smart compilation                                            ; Off                ; Off                ;
; Enable parallel Assembler and Timing Analyzer during compilation ; On                 ; On                 ;
; Enable compact report table                                      ; Off                ; Off                ;
; Restructure Multiplexers                                         ; Auto               ; Auto               ;
; Create Debugging Nodes for IP Cores                              ; Off                ; Off                ;
; Preserve fewer node names                                        ; On                 ; On                 ;
; Intel FPGA IP Evaluation Mode                                    ; Enable             ; Enable             ;
; Verilog Version                                                  ; Verilog_2001       ; Verilog_2001       ;
; VHDL Version                                                     ; VHDL_1993          ; VHDL_1993          ;
; State Machine Processing                                         ; Auto               ; Auto               ;
; Safe State Machine                                               ; Off                ; Off                ;
; Extract Verilog State Machines                                   ; On                 ; On                 ;
; Extract VHDL State Machines                                      ; On                 ; On                 ;
; Ignore Verilog initial constructs                                ; Off                ; Off                ;
; Iteration limit for constant Verilog loops                       ; 5000               ; 5000               ;
; Iteration limit for non-constant Verilog loops                   ; 250                ; 250                ;
; Add Pass-Through Logic to Inferred RAMs                          ; On                 ; On                 ;
; Infer RAMs from Raw Logic                                        ; On                 ; On                 ;
; Parallel Synthesis                                               ; On                 ; On                 ;
; DSP Block Balancing                                              ; Auto               ; Auto               ;
; NOT Gate Push-Back                                               ; On                 ; On                 ;
; Power-Up Don't Care                                              ; On                 ; On                 ;
; Remove Redundant Logic Cells                                     ; Off                ; Off                ;
; Remove Duplicate Registers                                       ; On                 ; On                 ;
; Ignore CARRY Buffers                                             ; Off                ; Off                ;
; Ignore CASCADE Buffers                                           ; Off                ; Off                ;
; Ignore GLOBAL Buffers                                            ; Off                ; Off                ;
; Ignore ROW GLOBAL Buffers                                        ; Off                ; Off                ;
; Ignore LCELL Buffers                                             ; Off                ; Off                ;
; Ignore SOFT Buffers                                              ; On                 ; On                 ;
; Limit AHDL Integers to 32 Bits                                   ; Off                ; Off                ;
; Optimization Technique                                           ; Balanced           ; Balanced           ;
; Carry Chain Length                                               ; 70                 ; 70                 ;
; Auto Carry Chains                                                ; On                 ; On                 ;
; Auto Open-Drain Pins                                             ; On                 ; On                 ;
; Perform WYSIWYG Primitive Resynthesis                            ; Off                ; Off                ;
; Auto ROM Replacement                                             ; On                 ; On                 ;
; Auto RAM Replacement                                             ; On                 ; On                 ;
; Auto DSP Block Replacement                                       ; On                 ; On                 ;
; Auto Shift Register Replacement                                  ; Auto               ; Auto               ;
; Allow Shift Register Merging across Hierarchies                  ; Auto               ; Auto               ;
; Auto Clock Enable Replacement                                    ; On                 ; On                 ;
; Strict RAM Replacement                                           ; Off                ; Off                ;
; Allow Synchronous Control Signals                                ; On                 ; On                 ;
; Force Use of Synchronous Clear Signals                           ; Off                ; Off                ;
; Auto RAM Block Balancing                                         ; On                 ; On                 ;
; Auto RAM to Logic Cell Conversion                                ; Off                ; Off                ;
; Auto Resource Sharing                                            ; Off                ; Off                ;
; Allow Any RAM Size For Recognition                               ; Off                ; Off                ;
; Allow Any ROM Size For Recognition                               ; Off                ; Off                ;
; Allow Any Shift Register Size For Recognition                    ; Off                ; Off                ;
; Use LogicLock Constraints during Resource Balancing              ; On                 ; On                 ;
; Ignore translate_off and synthesis_off directives                ; Off                ; Off                ;
; Timing-Driven Synthesis                                          ; On                 ; On                 ;
; Report Parameter Settings                                        ; On                 ; On                 ;
; Report Source Assignments                                        ; On                 ; On                 ;
; Report Connectivity Checks                                       ; On                 ; On                 ;
; Ignore Maximum Fan-Out Assignments                               ; Off                ; Off                ;
; Synchronization Register Chain Length                            ; 2                  ; 2                  ;
; Power Optimization During Synthesis                              ; Normal compilation ; Normal compilation ;
; HDL message level                                                ; Level2             ; Level2             ;
; Suppress Register Optimization Related Messages                  ; Off                ; Off                ;
; Number of Removed Registers Reported in Synthesis Report         ; 5000               ; 5000               ;
; Number of Swept Nodes Reported in Synthesis Report               ; 5000               ; 5000               ;
; Number of Inverted Registers Reported in Synthesis Report        ; 100                ; 100                ;
; Clock MUX Protection                                             ; On                 ; On                 ;
; Auto Gated Clock Conversion                                      ; Off                ; Off                ;
; Block Design Naming                                              ; Auto               ; Auto               ;
; SDC constraint protection                                        ; Off                ; Off                ;
; Synthesis Effort                                                 ; Auto               ; Auto               ;
; Shift Register Replacement - Allow Asynchronous Clear Signal     ; On                 ; On                 ;
; Pre-Mapping Resynthesis Optimization                             ; Off                ; Off                ;
; Analysis & Synthesis Message Level                               ; Medium             ; Medium             ;
; Disable Register Merging Across Hierarchies                      ; Auto               ; Auto               ;
; Resource Aware Inference For Block RAM                           ; On                 ; On                 ;
+------------------------------------------------------------------+--------------------+--------------------+


+----------------------------------------+
; Port Connectivity Checks: "HA:HA_42"   ;
+------+-------+----------+--------------+
; Port ; Type  ; Severity ; Details      ;
+------+-------+----------+--------------+
; a    ; Input ; Info     ; Stuck at VCC ;
+------+-------+----------+--------------+


+------------------------------------------+
; Port Connectivity Checks: "CSA:CSA_32"   ;
+--------+-------+----------+--------------+
; Port   ; Type  ; Severity ; Details      ;
+--------+-------+----------+--------------+
; in0[2] ; Input ; Info     ; Stuck at GND ;
+--------+-------+----------+--------------+


+----------------------------------------+
; Port Connectivity Checks: "HA:HA_32"   ;
+------+-------+----------+--------------+
; Port ; Type  ; Severity ; Details      ;
+------+-------+----------+--------------+
; a    ; Input ; Info     ; Stuck at VCC ;
+------+-------+----------+--------------+


+-------------------------------------------+
; Port Connectivity Checks: "CSA:CSA_31"    ;
+---------+-------+----------+--------------+
; Port    ; Type  ; Severity ; Details      ;
+---------+-------+----------+--------------+
; in0[50] ; Input ; Info     ; Stuck at VCC ;
+---------+-------+----------+--------------+


+-----------------------------------------------+
; Port Connectivity Checks: "CSA:CSA_23"        ;
+-------------+-------+----------+--------------+
; Port        ; Type  ; Severity ; Details      ;
+-------------+-------+----------+--------------+
; in1[3]      ; Input ; Info     ; Stuck at GND ;
; in1[0]      ; Input ; Info     ; Stuck at GND ;
; in2[26..25] ; Input ; Info     ; Stuck at GND ;
; in2[9]      ; Input ; Info     ; Stuck at GND ;
; in2[6]      ; Input ; Info     ; Stuck at GND ;
+-------------+-------+----------+--------------+


+----------------------------------------+
; Port Connectivity Checks: "HA:HA_22"   ;
+------+-------+----------+--------------+
; Port ; Type  ; Severity ; Details      ;
+------+-------+----------+--------------+
; a    ; Input ; Info     ; Stuck at VCC ;
+------+-------+----------+--------------+


+-------------------------------------------+
; Port Connectivity Checks: "CSA:CSA_21"    ;
+---------+-------+----------+--------------+
; Port    ; Type  ; Severity ; Details      ;
+---------+-------+----------+--------------+
; in0[42] ; Input ; Info     ; Stuck at VCC ;
; in0[40] ; Input ; Info     ; Stuck at VCC ;
+---------+-------+----------+--------------+


+----------------------------------------+
; Port Connectivity Checks: "HA:HA_12"   ;
+------+-------+----------+--------------+
; Port ; Type  ; Severity ; Details      ;
+------+-------+----------+--------------+
; a    ; Input ; Info     ; Stuck at VCC ;
+------+-------+----------+--------------+


+-------------------------------------------+
; Port Connectivity Checks: "CSA:CSA_11"    ;
+---------+-------+----------+--------------+
; Port    ; Type  ; Severity ; Details      ;
+---------+-------+----------+--------------+
; in0[30] ; Input ; Info     ; Stuck at VCC ;
; in0[28] ; Input ; Info     ; Stuck at VCC ;
; in0[26] ; Input ; Info     ; Stuck at VCC ;
+---------+-------+----------+--------------+


+----------------------------------------+
; Port Connectivity Checks: "HA:HA_02"   ;
+------+-------+----------+--------------+
; Port ; Type  ; Severity ; Details      ;
+------+-------+----------+--------------+
; a    ; Input ; Info     ; Stuck at VCC ;
+------+-------+----------+--------------+


+-------------------------------------------+
; Port Connectivity Checks: "CSA:CSA_01"    ;
+---------+-------+----------+--------------+
; Port    ; Type  ; Severity ; Details      ;
+---------+-------+----------+--------------+
; in0[14] ; Input ; Info     ; Stuck at VCC ;
; in0[12] ; Input ; Info     ; Stuck at VCC ;
; in0[10] ; Input ; Info     ; Stuck at VCC ;
+---------+-------+----------+--------------+


+---------------------------------+
; Analysis & Elaboration Messages ;
+---------------------------------+
Info: *******************************************************************
Info: Running Quartus Prime Analysis & Elaboration
    Info: Version 20.1.0 Build 711 06/05/2020 SJ Lite Edition
    Info: Processing started: Tue Dec  8 01:19:44 2020
Info: Command: quartus_map --read_settings_files=on --write_settings_files=off DADDA -c DADDA --analysis_and_elaboration
Warning (18236): Number of processors has not been specified which may cause overloading on shared machines.  Set the global assignment NUM_PARALLEL_PROCESSORS in your QSF to an appropriate value for best performance.
Info (20030): Parallel compilation is enabled and will use 2 of the 2 processors detected
Info (12021): Found 2 design units, including 1 entities, in source file /home/luigi/Data/PoliTo/Magistrale/II anno/Integrated system architecture/Laboratori-ISA/Lab2/src/MBEmpy/HAbank.vhd
    Info (12022): Found design unit 1: HAbank-structural File: /home/luigi/Data/PoliTo/Magistrale/II anno/Integrated system architecture/Laboratori-ISA/Lab2/src/MBEmpy/HAbank.vhd Line: 15
    Info (12023): Found entity 1: HAbank File: /home/luigi/Data/PoliTo/Magistrale/II anno/Integrated system architecture/Laboratori-ISA/Lab2/src/MBEmpy/HAbank.vhd Line: 5
Info (12021): Found 2 design units, including 1 entities, in source file /home/luigi/Data/PoliTo/Magistrale/II anno/Integrated system architecture/Laboratori-ISA/Lab2/src/MBEmpy/DADDA.vhd
    Info (12022): Found design unit 1: DADDA-structural File: /home/luigi/Data/PoliTo/Magistrale/II anno/Integrated system architecture/Laboratori-ISA/Lab2/src/MBEmpy/DADDA.vhd Line: 31
    Info (12023): Found entity 1: DADDA File: /home/luigi/Data/PoliTo/Magistrale/II anno/Integrated system architecture/Laboratori-ISA/Lab2/src/MBEmpy/DADDA.vhd Line: 6
Info (12021): Found 2 design units, including 1 entities, in source file /home/luigi/Data/PoliTo/Magistrale/II anno/Integrated system architecture/Laboratori-ISA/Lab2/src/MBEmpy/HA.vhd
    Info (12022): Found design unit 1: HA-struct File: /home/luigi/Data/PoliTo/Magistrale/II anno/Integrated system architecture/Laboratori-ISA/Lab2/src/MBEmpy/HA.vhd Line: 12
    Info (12023): Found entity 1: HA File: /home/luigi/Data/PoliTo/Magistrale/II anno/Integrated system architecture/Laboratori-ISA/Lab2/src/MBEmpy/HA.vhd Line: 5
Info (12021): Found 1 design units, including 0 entities, in source file /home/luigi/Data/PoliTo/Magistrale/II anno/Integrated system architecture/Laboratori-ISA/Lab2/src/MBEmpy/ieee_proposed/array_std.vhd
    Info (12022): Found design unit 1: array_std File: /home/luigi/Data/PoliTo/Magistrale/II anno/Integrated system architecture/Laboratori-ISA/Lab2/src/MBEmpy/ieee_proposed/array_std.vhd Line: 7
Info (12021): Found 2 design units, including 1 entities, in source file /home/luigi/Data/PoliTo/Magistrale/II anno/Integrated system architecture/Laboratori-ISA/Lab2/src/MBEmpy/FA.vhd
    Info (12022): Found design unit 1: FA-structural File: /home/luigi/Data/PoliTo/Magistrale/II anno/Integrated system architecture/Laboratori-ISA/Lab2/src/MBEmpy/FA.vhd Line: 12
    Info (12023): Found entity 1: FA File: /home/luigi/Data/PoliTo/Magistrale/II anno/Integrated system architecture/Laboratori-ISA/Lab2/src/MBEmpy/FA.vhd Line: 5
Info (12021): Found 2 design units, including 1 entities, in source file /home/luigi/Data/PoliTo/Magistrale/II anno/Integrated system architecture/Laboratori-ISA/Lab2/src/MBEmpy/CSA.vhd
    Info (12022): Found design unit 1: CSA-structural File: /home/luigi/Data/PoliTo/Magistrale/II anno/Integrated system architecture/Laboratori-ISA/Lab2/src/MBEmpy/CSA.vhd Line: 17
    Info (12023): Found entity 1: CSA File: /home/luigi/Data/PoliTo/Magistrale/II anno/Integrated system architecture/Laboratori-ISA/Lab2/src/MBEmpy/CSA.vhd Line: 6
Info (12127): Elaborating entity "DADDA" for the top level hierarchy
Info (12128): Elaborating entity "HAbank" for hierarchy "HAbank:HA_01" File: /home/luigi/Data/PoliTo/Magistrale/II anno/Integrated system architecture/Laboratori-ISA/Lab2/src/MBEmpy/DADDA.vhd Line: 179
Info (12128): Elaborating entity "HA" for hierarchy "HAbank:HA_01|HA:\bank:1:HA_i" File: /home/luigi/Data/PoliTo/Magistrale/II anno/Integrated system architecture/Laboratori-ISA/Lab2/src/MBEmpy/HAbank.vhd Line: 27
Info (12128): Elaborating entity "CSA" for hierarchy "CSA:CSA_01" File: /home/luigi/Data/PoliTo/Magistrale/II anno/Integrated system architecture/Laboratori-ISA/Lab2/src/MBEmpy/DADDA.vhd Line: 181
Info (12128): Elaborating entity "FA" for hierarchy "CSA:CSA_01|FA:\compressor_generate:0:compr" File: /home/luigi/Data/PoliTo/Magistrale/II anno/Integrated system architecture/Laboratori-ISA/Lab2/src/MBEmpy/CSA.vhd Line: 29
Info (12128): Elaborating entity "CSA" for hierarchy "CSA:CSA_02" File: /home/luigi/Data/PoliTo/Magistrale/II anno/Integrated system architecture/Laboratori-ISA/Lab2/src/MBEmpy/DADDA.vhd Line: 187
Info (12128): Elaborating entity "CSA" for hierarchy "CSA:CSA_03" File: /home/luigi/Data/PoliTo/Magistrale/II anno/Integrated system architecture/Laboratori-ISA/Lab2/src/MBEmpy/DADDA.vhd Line: 193
Info (12128): Elaborating entity "CSA" for hierarchy "CSA:CSA_04" File: /home/luigi/Data/PoliTo/Magistrale/II anno/Integrated system architecture/Laboratori-ISA/Lab2/src/MBEmpy/DADDA.vhd Line: 198
Info (12128): Elaborating entity "CSA" for hierarchy "CSA:CSA_11" File: /home/luigi/Data/PoliTo/Magistrale/II anno/Integrated system architecture/Laboratori-ISA/Lab2/src/MBEmpy/DADDA.vhd Line: 209
Info (12128): Elaborating entity "CSA" for hierarchy "CSA:CSA_12" File: /home/luigi/Data/PoliTo/Magistrale/II anno/Integrated system architecture/Laboratori-ISA/Lab2/src/MBEmpy/DADDA.vhd Line: 218
Info (12128): Elaborating entity "CSA" for hierarchy "CSA:CSA_13" File: /home/luigi/Data/PoliTo/Magistrale/II anno/Integrated system architecture/Laboratori-ISA/Lab2/src/MBEmpy/DADDA.vhd Line: 227
Info (12128): Elaborating entity "CSA" for hierarchy "CSA:CSA_14" File: /home/luigi/Data/PoliTo/Magistrale/II anno/Integrated system architecture/Laboratori-ISA/Lab2/src/MBEmpy/DADDA.vhd Line: 236
Info (12128): Elaborating entity "CSA" for hierarchy "CSA:CSA_21" File: /home/luigi/Data/PoliTo/Magistrale/II anno/Integrated system architecture/Laboratori-ISA/Lab2/src/MBEmpy/DADDA.vhd Line: 247
Info (12128): Elaborating entity "CSA" for hierarchy "CSA:CSA_22" File: /home/luigi/Data/PoliTo/Magistrale/II anno/Integrated system architecture/Laboratori-ISA/Lab2/src/MBEmpy/DADDA.vhd Line: 256
Info (12128): Elaborating entity "CSA" for hierarchy "CSA:CSA_23" File: /home/luigi/Data/PoliTo/Magistrale/II anno/Integrated system architecture/Laboratori-ISA/Lab2/src/MBEmpy/DADDA.vhd Line: 265
Info (12128): Elaborating entity "CSA" for hierarchy "CSA:CSA_31" File: /home/luigi/Data/PoliTo/Magistrale/II anno/Integrated system architecture/Laboratori-ISA/Lab2/src/MBEmpy/DADDA.vhd Line: 276
Info (12128): Elaborating entity "CSA" for hierarchy "CSA:CSA_32" File: /home/luigi/Data/PoliTo/Magistrale/II anno/Integrated system architecture/Laboratori-ISA/Lab2/src/MBEmpy/DADDA.vhd Line: 285
Info (12128): Elaborating entity "CSA" for hierarchy "CSA:CSA_41" File: /home/luigi/Data/PoliTo/Magistrale/II anno/Integrated system architecture/Laboratori-ISA/Lab2/src/MBEmpy/DADDA.vhd Line: 296
Info (12128): Elaborating entity "CSA" for hierarchy "CSA:CSA_51" File: /home/luigi/Data/PoliTo/Magistrale/II anno/Integrated system architecture/Laboratori-ISA/Lab2/src/MBEmpy/DADDA.vhd Line: 307
Info: Quartus Prime Analysis & Elaboration was successful. 0 errors, 1 warning
    Info: Peak virtual memory: 755 megabytes
    Info: Processing ended: Tue Dec  8 01:19:56 2020
    Info: Elapsed time: 00:00:12
    Info: Total CPU time (on all processors): 00:00:26


