Information: Checking out the license 'DesignWare'. (SEC-104)
Information: Evaluating DesignWare library utilization. (UISN-27)

============================================================================
| DesignWare Building Block Library  |         Version         | Available |
============================================================================
| Basic DW Building Blocks           | O-2018.06-DWBB_201806.4 |     *     |
| Licensed DW Building Blocks        | O-2018.06-DWBB_201806.4 |     *     |
============================================================================


Information: There are 38 potential problems in your design. Please run 'check_design' for more information. (LINT-99)



  Beginning Pass 1 Mapping
  ------------------------
  Processing 'FF'
  Processing 'REG_N11'
  Processing 'REG_N8_0'
  Processing 'myfir_dp'
  Processing 'myfir_cu'
  Processing 'MYFIR'

  Updating timing information
Information: Updating design information... (UID-85)

  Beginning Implementation Selection
  ----------------------------------
  Processing 'myfir_dp_DW01_add_0'
  Processing 'myfir_dp_DW01_add_1'
  Processing 'myfir_dp_DW01_add_2'
  Processing 'myfir_dp_DW01_add_3'
  Processing 'myfir_dp_DW01_add_4'
  Mapping 'myfir_dp_DW_mult_tc_0'
  Mapping 'myfir_dp_DW_mult_tc_1'
  Processing 'myfir_dp_DW01_add_5'
  Processing 'myfir_dp_DW01_add_6'
  Mapping 'myfir_dp_DW_mult_tc_2'
  Mapping 'myfir_dp_DW_mult_tc_3'
  Processing 'myfir_dp_DW01_add_7'
  Mapping 'myfir_dp_DW_mult_tc_4'
  Mapping 'myfir_dp_DW_mult_tc_5'
  Mapping 'myfir_dp_DW_mult_tc_6'
  Mapping 'myfir_dp_DW_mult_tc_7'
  Mapping 'myfir_dp_DW_mult_tc_8'

  Beginning Mapping Optimizations  (Medium effort)
  -------------------------------

                                  TOTAL                                      
   ELAPSED            WORST NEG   SETUP    DESIGN                            
    TIME      AREA      SLACK     COST    RULE COST         ENDPOINT         
  --------- --------- --------- --------- --------- -------------------------
    0:00:36    3231.1      0.00       0.0       0.0                          
    0:00:36    3231.1      0.00       0.0       0.0                          
    0:00:36    3231.1      0.00       0.0       0.0                          
    0:00:36    3231.1      0.00       0.0       0.0                          
    0:00:37    3231.1      0.00       0.0       0.0                          
    0:00:41    3023.9      0.00       0.0       0.0                          
    0:00:41    3023.9      0.00       0.0       0.0                          
    0:00:42    3023.9      0.00       0.0       0.0                          
    0:00:42    3023.9      0.00       0.0       0.0                          
    0:00:42    3023.9      0.00       0.0       0.0                          
    0:00:42    3023.9      0.00       0.0       0.0                          
    0:00:42    3023.9      0.00       0.0       0.0                          
    0:00:42    3023.9      0.00       0.0       0.0                          



  Beginning Delay Optimization Phase
  ----------------------------------

                                  TOTAL                                      
   ELAPSED            WORST NEG   SETUP    DESIGN                            
    TIME      AREA      SLACK     COST    RULE COST         ENDPOINT         
  --------- --------- --------- --------- --------- -------------------------
    0:00:42    3023.9      0.00       0.0       0.0                          
    0:00:42    3023.9      0.00       0.0       0.0                          
    0:00:42    3023.9      0.00       0.0       0.0                          


  Beginning Area-Recovery Phase  (cleanup)
  -----------------------------

                                  TOTAL                                      
   ELAPSED            WORST NEG   SETUP    DESIGN                            
    TIME      AREA      SLACK     COST    RULE COST         ENDPOINT         
  --------- --------- --------- --------- --------- -------------------------
    0:00:42    3023.9      0.00       0.0       0.0                          
    0:00:42    3023.9      0.00       0.0       0.0                          
    0:00:43    3023.4      0.00       0.0       0.0                          
    0:00:43    3023.4      0.00       0.0       0.0                          
    0:00:43    3023.4      0.00       0.0       0.0                          
    0:00:43    3023.4      0.00       0.0       0.0                          
    0:00:43    3023.4      0.00       0.0       0.0                          
    0:00:43    3023.4      0.00       0.0       0.0                          
    0:00:43    3023.4      0.00       0.0       0.0                          
    0:00:43    3023.4      0.00       0.0       0.0                          
    0:00:43    3023.4      0.00       0.0       0.0                          
    0:00:43    3023.4      0.00       0.0       0.0                          
Loading db file '/software/dk/nangate45/synopsys/NangateOpenCellLibrary_typical_ecsm_nowlm.db'


Note: Symbol # after min delay cost means estimated hold TNS across all active scenarios 


  Optimization Complete
  ---------------------
1
