
Information: There are 8 potential problems in your design. Please run 'check_design' for more information. (LINT-99)



  Beginning Pass 1 Mapping
  ------------------------
  Processing 'myfir'

  Updating timing information
Information: Updating design information... (UID-85)

  Beginning Mapping Optimizations  (Medium effort)
  -------------------------------
Information: The register 'FlipFlop_FF_OUT_reg' is a constant and will be removed. (OPT-1206)

                                  TOTAL                                      
   ELAPSED            WORST NEG   SETUP    DESIGN                            
    TIME      AREA      SLACK     COST    RULE COST         ENDPOINT         
  --------- --------- --------- --------- --------- -------------------------
    0:00:45    8938.1      0.00       0.0     469.7                          
    0:00:45    8938.1      0.00       0.0     469.7                          
    0:00:45    8938.1      0.00       0.0     469.7                          
    0:00:45    8938.1      0.00       0.0     469.7                          
    0:00:46    8938.1      0.00       0.0     469.7                          
    0:01:16    6187.2      0.00       0.0      92.0                          
    0:01:16    6187.2      0.00       0.0      92.0                          
    0:01:17    6187.2      0.00       0.0      92.0                          
    0:01:18    6187.2      0.00       0.0      92.0                          
    0:01:18    6187.2      0.00       0.0      92.0                          
    0:01:20    6201.5      0.00       0.0       0.0                          
    0:01:20    6201.5      0.00       0.0       0.0                          
    0:01:20    6201.5      0.00       0.0       0.0                          
    0:01:20    6201.5      0.00       0.0       0.0                          



  Beginning Delay Optimization Phase
  ----------------------------------

                                  TOTAL                                      
   ELAPSED            WORST NEG   SETUP    DESIGN                            
    TIME      AREA      SLACK     COST    RULE COST         ENDPOINT         
  --------- --------- --------- --------- --------- -------------------------
    0:01:20    6201.5      0.00       0.0       0.0                          
    0:01:20    6201.5      0.00       0.0       0.0                          
    0:01:20    6201.5      0.00       0.0       0.0                          


  Beginning Area-Recovery Phase  (cleanup)
  -----------------------------

                                  TOTAL                                      
   ELAPSED            WORST NEG   SETUP    DESIGN                            
    TIME      AREA      SLACK     COST    RULE COST         ENDPOINT         
  --------- --------- --------- --------- --------- -------------------------
    0:01:20    6201.5      0.00       0.0       0.0                          
    0:01:21    6201.5      0.00       0.0       0.0                          
    0:01:24    6189.0      0.00       0.0       0.0                          
    0:01:25    6188.0      0.00       0.0       0.0                          
    0:01:25    6186.9      0.00       0.0       0.0                          
    0:01:25    6185.8      0.00       0.0       0.0                          
    0:01:25    6185.3      0.00       0.0       0.0                          
    0:01:25    6185.3      0.00       0.0       0.0                          
    0:01:26    6185.3      0.00       0.0       0.0                          
    0:01:27    6185.3      0.00       0.0       0.0                          
    0:01:27    6185.3      0.00       0.0       0.0                          
    0:01:27    6185.3      0.00       0.0       0.0                          
    0:01:27    6185.3      0.00       0.0       0.0                          
    0:01:27    6185.3      0.00       0.0       0.0                          
    0:01:27    6185.3      0.00       0.0       0.0                          
Loading db file '/software/dk/nangate45/synopsys/NangateOpenCellLibrary_typical_ecsm_nowlm.db'


Note: Symbol # after min delay cost means estimated hold TNS across all active scenarios 


  Optimization Complete
  ---------------------
1
